<?xml version="1.0" encoding="UTF-8"?>
<!-- Generated by org.testng.reporters.JUnitReportReporter -->
<testsuite hostname="LAPTOP-B2PIFPU5" failures="0" tests="1" name="org.home.category.amazon.BaseClass" time="3.163" errors="0" timestamp="2023-03-13T22:57:51 IST" skipped="0">
  <testcase classname="org.home.category.amazon.BaseClass" name="buysProduct" time="3.163"/>
  <system-out/>
</testsuite> <!-- org.home.category.amazon.BaseClass -->
